<?xml version="1.0" encoding="UTF-8"?>
<!-- Generated by org.testng.reporters.JUnitReportReporter -->
<testsuite hostname="Nandhini" name="scripts.MHSignIn" tests="1" failures="0" timestamp="19 Apr 2019 09:04:15 GMT" time="16.521" errors="0">
  <testcase name="testclickSignIn" time="16.521" classname="scripts.MHSignIn"/>
</testsuite> <!-- scripts.MHSignIn -->
