<?xml version="1.0" encoding="UTF-8"?>
<!-- Generated by org.testng.reporters.JUnitReportReporter -->
<testsuite hostname="Nandhini" name="scripts.ClickSignIn" tests="1" failures="0" timestamp="19 Apr 2019 09:04:15 GMT" time="61.508" errors="0">
  <testcase name="testClickSignIn" time="61.508" classname="scripts.ClickSignIn"/>
</testsuite> <!-- scripts.ClickSignIn -->
